# JRE version: OpenJDK Runtime Environment (17.0.6) (build 17.0.6+0-b2043.56-9586694)
# Java VM: OpenJDK 64-Bit Server VM (17.0.6+0-b2043.56-9586694, mixed mode, tiered, compressed oops, compressed class ptrs, g1 gc, windows-amd64)
GC Precious Log:
 CPUs: 4 total, 4 available
 Memory: 8053M
 Large Page Support: Disabled
 NUMA Support: Disabled
 Compressed Oops: Enabled (32-bit)
 Heap Region Size: 1M
 Heap Min Capacity: 8M
 Heap Initial Capacity: 126M
 Heap Max Capacity: 2G
 Pre-touch: Disabled
 Parallel Workers: 4
 Concurrent Workers: 1
 Concurrent Refinement Workers: 4
 Periodic GC: Disabled
Heap:
 garbage-first heap   total 335872K, used 184939K [0x0000000080000000, 0x0000000100000000)
  region size 1024K, 96 young (98304K), 4 survivors (4096K)
 Metaspace       used 86529K, committed 87232K, reserved 1130496K
  class space    used 11825K, committed 12160K, reserved 1048576K
GC Heap History (20 events):
Event: 14.274 GC heap before
{Heap before GC invocations=23 (full 0):
 garbage-first heap   total 134144K, used 105996K [0x0000000080000000, 0x0000000100000000)
  region size 1024K, 51 young (52224K), 7 survivors (7168K)
 Metaspace       used 73906K, committed 74432K, reserved 1114112K
  class space    used 10002K, committed 10240K, reserved 1048576K
}
Event: 14.289 GC heap after
{Heap after GC invocations=24 (full 0):
 garbage-first heap   total 134144K, used 64670K [0x0000000080000000, 0x0000000100000000)
  region size 1024K, 4 young (4096K), 4 survivors (4096K)
 Metaspace       used 73906K, committed 74432K, reserved 1114112K
  class space    used 10002K, committed 10240K, reserved 1048576K
}
Event: 15.003 GC heap before
{Heap before GC invocations=24 (full 0):
 garbage-first heap   total 134144K, used 106654K [0x0000000080000000, 0x0000000100000000)
  region size 1024K, 45 young (46080K), 4 survivors (4096K)
 Metaspace       used 76619K, committed 77312K, reserved 1122304K
  class space    used 10416K, committed 10752K, reserved 1048576K
}
Event: 15.015 GC heap after
{Heap after GC invocations=25 (full 0):
 garbage-first heap   total 134144K, used 68259K [0x0000000080000000, 0x0000000100000000)
  region size 1024K, 4 young (4096K), 4 survivors (4096K)
 Metaspace       used 76619K, committed 77312K, reserved 1122304K
  class space    used 10416K, committed 10752K, reserved 1048576K
}
Event: 15.904 GC heap before
{Heap before GC invocations=26 (full 0):
 garbage-first heap   total 134144K, used 108195K [0x0000000080000000, 0x0000000100000000)
  region size 1024K, 43 young (44032K), 4 survivors (4096K)
 Metaspace       used 81507K, committed 82112K, reserved 1122304K
  class space    used 11127K, committed 11392K, reserved 1048576K
}
Event: 15.914 GC heap after
{Heap after GC invocations=27 (full 0):
 garbage-first heap   total 134144K, used 71765K [0x0000000080000000, 0x0000000100000000)
  region size 1024K, 4 young (4096K), 4 survivors (4096K)
 Metaspace       used 81507K, committed 82112K, reserved 1122304K
  class space    used 11127K, committed 11392K, reserved 1048576K
}
Event: 16.318 GC heap before
{Heap before GC invocations=27 (full 0):
 garbage-first heap   total 134144K, used 108629K [0x0000000080000000, 0x0000000100000000)
  region size 1024K, 40 young (40960K), 4 survivors (4096K)
 Metaspace       used 82372K, committed 83008K, reserved 1122304K
  class space    used 11246K, committed 11520K, reserved 1048576K
}
Event: 16.333 GC heap after
{Heap after GC invocations=28 (full 0):
 garbage-first heap   total 161792K, used 76965K [0x0000000080000000, 0x0000000100000000)
  region size 1024K, 5 young (5120K), 5 survivors (5120K)
 Metaspace       used 82372K, committed 83008K, reserved 1122304K
  class space    used 11246K, committed 11520K, reserved 1048576K
}
Event: 17.908 GC heap before
{Heap before GC invocations=29 (full 0):
 garbage-first heap   total 161792K, used 129189K [0x0000000080000000, 0x0000000100000000)
  region size 1024K, 56 young (57344K), 5 survivors (5120K)
 Metaspace       used 85134K, committed 85760K, reserved 1130496K
  class space    used 11725K, committed 11968K, reserved 1048576K
}
Event: 17.926 GC heap after
{Heap after GC invocations=30 (full 0):
 garbage-first heap   total 161792K, used 83893K [0x0000000080000000, 0x0000000100000000)
  region size 1024K, 7 young (7168K), 7 survivors (7168K)
 Metaspace       used 85134K, committed 85760K, reserved 1130496K
  class space    used 11725K, committed 11968K, reserved 1048576K
}
Event: 17.963 GC heap before
{Heap before GC invocations=30 (full 0):
 garbage-first heap   total 161792K, used 84917K [0x0000000080000000, 0x0000000100000000)
  region size 1024K, 8 young (8192K), 7 survivors (7168K)
 Metaspace       used 85146K, committed 85760K, reserved 1130496K
  class space    used 11725K, committed 11968K, reserved 1048576K
}
Event: 17.978 GC heap after
{Heap after GC invocations=31 (full 0):
 garbage-first heap   total 161792K, used 84198K [0x0000000080000000, 0x0000000100000000)
  region size 1024K, 1 young (1024K), 1 survivors (1024K)
 Metaspace       used 85146K, committed 85760K, reserved 1130496K
  class space    used 11725K, committed 11968K, reserved 1048576K
}
Event: 18.950 GC heap before
{Heap before GC invocations=31 (full 0):
 garbage-first heap   total 161792K, used 129254K [0x0000000080000000, 0x0000000100000000)
  region size 1024K, 46 young (47104K), 1 survivors (1024K)
 Metaspace       used 85341K, committed 85952K, reserved 1130496K
  class space    used 11726K, committed 11968K, reserved 1048576K
}
Event: 18.956 GC heap after
{Heap after GC invocations=32 (full 0):
 garbage-first heap   total 161792K, used 86466K [0x0000000080000000, 0x0000000100000000)
  region size 1024K, 4 young (4096K), 4 survivors (4096K)
 Metaspace       used 85341K, committed 85952K, reserved 1130496K
  class space    used 11726K, committed 11968K, reserved 1048576K
}
Event: 20.011 GC heap before
{Heap before GC invocations=33 (full 0):
 garbage-first heap   total 167936K, used 130498K [0x0000000080000000, 0x0000000100000000)
  region size 1024K, 48 young (49152K), 4 survivors (4096K)
 Metaspace       used 85682K, committed 86336K, reserved 1130496K
  class space    used 11754K, committed 12032K, reserved 1048576K
}
Event: 20.020 GC heap after
{Heap after GC invocations=34 (full 0):
 garbage-first heap   total 167936K, used 89698K [0x0000000080000000, 0x0000000100000000)
  region size 1024K, 6 young (6144K), 6 survivors (6144K)
 Metaspace       used 85682K, committed 86336K, reserved 1130496K
  class space    used 11754K, committed 12032K, reserved 1048576K
}
Event: 20.062 GC heap before
{Heap before GC invocations=34 (full 0):
 garbage-first heap   total 167936K, used 91746K [0x0000000080000000, 0x0000000100000000)
  region size 1024K, 8 young (8192K), 6 survivors (6144K)
 Metaspace       used 85686K, committed 86336K, reserved 1130496K
  class space    used 11754K, committed 12032K, reserved 1048576K
}
Event: 20.071 GC heap after
{Heap after GC invocations=35 (full 0):
 garbage-first heap   total 167936K, used 90300K [0x0000000080000000, 0x0000000100000000)
  region size 1024K, 1 young (1024K), 1 survivors (1024K)
 Metaspace       used 85686K, committed 86336K, reserved 1130496K
  class space    used 11754K, committed 12032K, reserved 1048576K
}
Event: 21.268 GC heap before
{Heap before GC invocations=35 (full 0):
 garbage-first heap   total 167936K, used 136380K [0x0000000080000000, 0x0000000100000000)
  region size 1024K, 47 young (48128K), 1 survivors (1024K)
 Metaspace       used 86069K, committed 86784K, reserved 1130496K
  class space    used 11790K, committed 12096K, reserved 1048576K
}
Event: 21.278 GC heap after
{Heap after GC invocations=36 (full 0):
 garbage-first heap   total 335872K, used 92779K [0x0000000080000000, 0x0000000100000000)
  region size 1024K, 4 young (4096K), 4 survivors (4096K)
 Metaspace       used 86069K, committed 86784K, reserved 1130496K
  class space    used 11790K, committed 12096K, reserved 1048576K
}

